1592195090304	mozrunner::runner	INFO	Running command: "C:\\Program Files\\Mozilla Firefox\\firefox.exe" "-marionette" "-foreground" "-no-remote" "-profile" "C:\\Users\\rohit\\AppData\\Local\\Temp\\rust_mozprofilexvrI62"
JavaScript error: resource://gre/modules/XULStore.jsm, line 66: Error: Can't find profile directory.
1592195099409	Marionette	INFO	Listening on port 54727
1592195099751	Marionette	WARN	TLS certificate errors will be ignored for this session
1592195237952	Marionette	INFO	Stopped listening on port 54727

###!!! [Child][RunMessage] Error: Channel closing: too late to send/recv, messages will be lost


###!!! [Child][MessageChannel::SendAndWait] Error: Channel error: cannot send/recv

1592195305855	mozrunner::runner	INFO	Running command: "C:\\Program Files\\Mozilla Firefox\\firefox.exe" "-marionette" "-foreground" "-no-remote" "-profile" "C:\\Users\\rohit\\AppData\\Local\\Temp\\rust_mozprofilefcmt9W"
JavaScript error: resource://gre/modules/XULStore.jsm, line 66: Error: Can't find profile directory.
1592195312391	Marionette	INFO	Listening on port 55374
1592195312697	Marionette	WARN	TLS certificate errors will be ignored for this session
1592195341442	Marionette	INFO	Stopped listening on port 55374

###!!! [Child][MessageChannel] Error: (msgtype=0x59000D,name=PHttpChannel::Msg_DeletingChannel) Channel closing: too late to send/recv, messages will be lost


###!!! [Child][RunMessage] Error: Channel closing: too late to send/recv, messages will be lost


###!!! [Child][MessageChannel::SendAndWait] Error: Channel error: cannot send/recv

1592195402422	mozrunner::runner	INFO	Running command: "C:\\Program Files\\Mozilla Firefox\\firefox.exe" "-marionette" "-foreground" "-no-remote" "-profile" "C:\\Users\\rohit\\AppData\\Local\\Temp\\rust_mozprofiley0d0uA"
JavaScript error: resource://gre/modules/XULStore.jsm, line 66: Error: Can't find profile directory.

###!!! [Child][RunMessage] Error: Channel closing: too late to send/recv, messages will be lost

1592195408265	Marionette	INFO	Listening on port 55794
1592195408654	Marionette	WARN	TLS certificate errors will be ignored for this session
1592195444785	Marionette	INFO	Stopped listening on port 55794

###!!! [Child][RunMessage] Error: Channel closing: too late to send/recv, messages will be lost


###!!! [Child][MessageChannel::SendAndWait] Error: Channel error: cannot send/recv

1592195506672	mozrunner::runner	INFO	Running command: "C:\\Program Files\\Mozilla Firefox\\firefox.exe" "-marionette" "-foreground" "-no-remote" "-profile" "C:\\Users\\rohit\\AppData\\Local\\Temp\\rust_mozprofilekrF0hD"
JavaScript error: resource://gre/modules/XULStore.jsm, line 66: Error: Can't find profile directory.
1592195512048	Marionette	INFO	Listening on port 56206
1592195512399	Marionette	WARN	TLS certificate errors will be ignored for this session
console.error: "Store does not have a valid reducer. Make sure the argument passed to combineReducers is an object whose values are reducers."
[Child 17612, Chrome_ChildThread] WARNING: pipe error: 232: file /builds/worker/checkouts/gecko/ipc/chromium/src/chrome/common/ipc_channel_win.cc, line 522
[Child 17612, Chrome_ChildThread] WARNING: pipe error: 232: file /builds/worker/checkouts/gecko/ipc/chromium/src/chrome/common/ipc_channel_win.cc, line 522
1592196520415	Marionette	INFO	Stopped listening on port 56206

###!!! [Child][RunMessage] Error: Channel closing: too late to send/recv, messages will be lost


###!!! [Child][MessageChannel::SendAndWait] Error: Channel error: cannot send/recv

onse.location is undefined
JavaScript error: resource://gre/modules/NetworkGeolocationProvider.jsm, line 555: TypeError: xhr.response.location is undefined
JavaScript error: resource://gre/modules/NetworkGeolocationProvider.jsm, line 555: TypeError: xhr.response.location is undefined
JavaScript error: resource://gre/modules/NetworkGeolocationProvider.jsm, line 555: TypeError: xhr.response.location is undefined
JavaScript error: resource://gre/modules/NetworkGeolocationProvider.jsm, line 555: TypeError: xhr.response.location is undefined
1592196518247	Marionette	INFO	Stopped listening on port 56809

###!!! [Child][RunMessage] Error: Channel closing: too late to send/recv, messages will be lost


###!!! [Child][MessageChannel::SendAndWait] Error: Channel error: cannot send/recv

/modules/XULStore.jsm, line 66: Error: Can't find profile directory.
1592196409546	Marionette	INFO	Listening on port 58964
1592196409817	Marionette	WARN	TLS certificate errors will be ignored for this session
[Child 2884, Chrome_ChildThread] WARNING: pipe error: 232: file /builds/worker/checkouts/gecko/ipc/chromium/src/chrome/common/ipc_channel_win.cc, line 522

###!!! [Child][RunMessage] Error: Channel closing: too late to send/recv, messages will be lost

1592196516956	Marionette	INFO	Stopped listening on port 58964

###!!! [Child][RunMessage] Error: Channel closing: too late to send/recv, messages will be lost


###!!! [Child][MessageChannel::SendAndWait] Error: Channel error: cannot send/recv

1592196530906	mozrunner::runner	INFO	Running command: "C:\\Program Files\\Mozilla Firefox\\firefox.exe" "-marionette" "-foreground" "-no-remote" "-profile" "C:\\Users\\rohit\\AppData\\Local\\Temp\\rust_mozprofileVTNlLF"
JavaScript error: resource://gre/modules/XULStore.jsm, line 66: Error: Can't find profile directory.
1592196538286	Marionette	INFO	Listening on port 59377
1592196538741	Marionette	WARN	TLS certificate errors will be ignored for this session
JavaScript error: resource://gre/modules/NetworkGeolocationProvider.jsm, line 555: TypeError: xhr.response.location is undefined
[Child 19164, Chrome_ChildThread] WARNING: pipe error: 232: file /builds/worker/checkouts/gecko/ipc/chromium/src/chrome/common/ipc_channel_win.cc, line 522
[Child 19164, Chrome_ChildThread] WARNING: pipe error: 232: file /builds/worker/checkouts/gecko/ipc/chromium/src/chrome/common/ipc_channel_win.cc, line 522
1592196726681	Marionette	INFO	Stopped listening on port 59377

###!!! [Child][RunMessage] Error: Channel closing: too late to send/recv, messages will be lost


###!!! [Child][MessageChannel::SendAndWait] Error: Channel error: cannot send/recv

nnel closing: too late to send/recv, messages will be lost


###!!! [Child][MessageChannel::SendAndWait] Error: Channel error: cannot send/recv

1592196732758	mozrunner::runner	INFO	Running command: "C:\\Program Files\\Mozilla Firefox\\firefox.exe" "-marionette" "-foreground" "-no-remote" "-profile" "C:\\Users\\rohit\\AppData\\Local\\Temp\\rust_mozprofileSJ8cDI"
JavaScript error: resource://gre/modules/XULStore.jsm, line 66: Error: Can't find profile directory.
1592196738430	Marionette	INFO	Listening on port 59963
1592196738524	Marionette	WARN	TLS certificate errors will be ignored for this session

###!!! [Parent][RunMessage] Error: Channel closing: too late to send/recv, messages will be lost


###!!! [Parent][RunMessage] Error: Channel closing: too late to send/recv, messages will be lost

1592223332733	Marionette	INFO	Stopped listening on port 59963

###!!! [Child][MessageChannel::SendAndWait] Error: Channel error: cannot send/recv

tening on port 60254
1592196851454	Marionette	WARN	TLS certificate errors will be ignored for this session
[Parent 16540, Gecko_IOThread] WARNING: file /builds/worker/checkouts/gecko/ipc/chromium/src/base/process_util_win.cc, line 166
1592223329822	Marionette	INFO	Stopped listening on port 60254
emp\\rust_mozprofileSmdzYo"
JavaScript error: resource://gre/modules/XULStore.jsm, line 66: Error: Can't find profile directory.
1592199483326	Marionette	INFO	Listening on port 53527
1592199483417	Marionette	WARN	TLS certificate errors will be ignored for this session
JavaScript error: resource://gre/modules/NetworkGeolocationProvider.jsm, line 555: TypeError: xhr.response.location is undefined
1592222347536	Marionette	INFO	Stopped listening on port 53527

###!!! [Child][MessageChannel::SendAndWait] Error: Channel error: cannot send/recv

ile" "C:\\Users\\rohit\\AppData\\Local\\Temp\\rust_mozprofileF2oNqs"
JavaScript error: resource://gre/modules/XULStore.jsm, line 66: Error: Can't find profile directory.
1592202760240	Marionette	INFO	Listening on port 58971
1592202760472	Marionette	WARN	TLS certificate errors will be ignored for this session
IPDL protocol error: Handler returned error code!

###!!! [Parent][DispatchAsyncMessage] Error: PMessagePort::Msg_PostMessages Processing error: message was deserialized, but the handler returned false (indicating failure)


###!!! [Parent][RunMessage] Error: Channel closing: too late to send/recv, messages will be lost

1592223326777	Marionette	INFO	Stopped listening on port 58971

###!!! [Child][MessageChannel::SendAndWait] Error: Channel error: cannot send/recv

cko_IOThread] WARNING: pipe error: 232: file /builds/worker/checkouts/gecko/ipc/chromium/src/chrome/common/ipc_channel_win.cc, line 522
[Parent 10040, Gecko_IOThread] WARNING: file /builds/worker/checkouts/gecko/ipc/chromium/src/base/process_util_win.cc, line 166
1592222344094	Marionette	INFO	Stopped listening on port 59949

###!!! [Child][MessageChannel::SendAndWait] Error: Channel error: cannot send/recv

 be ignored for this session
1592222340188	Marionette	INFO	Stopped listening on port 60470

###!!! [Child][MessageChannel::SendAndWait] Error: Channel error: cannot send/recv

ile" "C:\\Users\\rohit\\AppData\\Local\\Temp\\rust_mozprofilety8JxD"
JavaScript error: resource://gre/modules/XULStore.jsm, line 66: Error: Can't find profile directory.
1592221454399	Marionette	INFO	Listening on port 62414
1592221454669	Marionette	WARN	TLS certificate errors will be ignored for this session
JavaScript error: resource://gre/modules/NetworkGeolocationProvider.jsm, line 555: TypeError: xhr.response.location is undefined

###!!! [Child][MessageChannel] Error: (msgtype=0x590011,name=PHttpChannel::Msg___delete__) Channel closing: too late to send/recv, messages will be lost


###!!! [Child][RunMessage] Error: Channel closing: too late to send/recv, messages will be lost

1592222336781	Marionette	INFO	Stopped listening on port 62414

###!!! [Child][RunMessage] Error: Channel closing: too late to send/recv, messages will be lost


###!!! [Child][MessageChannel::SendAndWait] Error: Channel error: cannot send/recv

roxy.js, line 287: NS_ERROR_NOT_INITIALIZED
[Parent 26176, Gecko_IOThread] WARNING: file /builds/worker/checkouts/gecko/ipc/chromium/src/base/process_util_win.cc, line 166
1592222334425	Marionette	INFO	Stopped listening on port 64235

###!!! [Child][RunMessage] Error: Channel closing: too late to send/recv, messages will be lost


###!!! [Child][MessageChannel::SendAndWait] Error: Channel error: cannot send/recv

1592222523684	mozrunner::runner	INFO	Running command: "C:\\Program Files\\Mozilla Firefox\\firefox.exe" "-marionette" "-foreground" "-no-remote" "-profile" "C:\\Users\\rohit\\AppData\\Local\\Temp\\rust_mozprofile6jBw0k"
JavaScript error: resource://gre/modules/XULStore.jsm, line 66: Error: Can't find profile directory.
1592222532309	Marionette	INFO	Listening on port 64999
1592222532676	Marionette	WARN	TLS certificate errors will be ignored for this session
1592223327613	Marionette	INFO	Stopped listening on port 64999

###!!! [Child][RunMessage] Error: Channel closing: too late to send/recv, messages will be lost


###!!! [Child][MessageChannel::SendAndWait] Error: Channel error: cannot send/recv

/modules/XULStore.jsm, line 66: Error: Can't find profile directory.
1592222732272	Marionette	INFO	Listening on port 49317
1592222732733	Marionette	WARN	TLS certificate errors will be ignored for this session
JavaScript error: https://www.orangehrm.com/, line 1691: SyntaxError: unexpected token: ':'
1592223330761	Marionette	INFO	Stopped listening on port 49317

###!!! [Child][RunMessage] Error: Channel closing: too late to send/recv, messages will be lost


###!!! [Child][MessageChannel::SendAndWait] Error: Channel error: cannot send/recv

/modules/XULStore.jsm, line 66: Error: Can't find profile directory.
1592222879356	Marionette	INFO	Listening on port 49872
1592222879493	Marionette	WARN	TLS certificate errors will be ignored for this session
1592223324309	Marionette	INFO	Stopped listening on port 49872

###!!! [Child][RunMessage] Error: Channel closing: too late to send/recv, messages will be lost


###!!! [Child][MessageChannel::SendAndWait] Error: Channel error: cannot send/recv

1592223360349	mozrunner::runner	INFO	Running command: "C:\\Program Files\\Mozilla Firefox\\firefox.exe" "-marionette" "-foreground" "-no-remote" "-profile" "C:\\Users\\rohit\\AppData\\Local\\Temp\\rust_mozprofile7X3zVl"
JavaScript error: resource://gre/modules/XULStore.jsm, line 66: Error: Can't find profile directory.
1592223367784	Marionette	INFO	Listening on port 51415
1592223368235	Marionette	WARN	TLS certificate errors will be ignored for this session
1592223445149	Marionette	INFO	Stopped listening on port 51415

###!!! [Child][RunMessage] Error: Channel closing: too late to send/recv, messages will be lost


###!!! [Child][MessageChannel::SendAndWait] Error: Channel error: cannot send/recv

/modules/XULStore.jsm, line 66: Error: Can't find profile directory.
1592223408152	Marionette	INFO	Listening on port 51602
1592223408578	Marionette	WARN	TLS certificate errors will be ignored for this session
1592223449182	Marionette	INFO	Stopped listening on port 51602

###!!! [Child][RunMessage] Error: Channel closing: too late to send/recv, messages will be lost


###!!! [Child][MessageChannel::SendAndWait] Error: Channel error: cannot send/recv

1592223457595	mozrunner::runner	INFO	Running command: "C:\\Program Files\\Mozilla Firefox\\firefox.exe" "-marionette" "-foreground" "-no-remote" "-profile" "C:\\Users\\rohit\\AppData\\Local\\Temp\\rust_mozprofileuR3M8q"
JavaScript error: resource://gre/modules/XULStore.jsm, line 66: Error: Can't find profile directory.
1592223464403	Marionette	INFO	Listening on port 51836
1592223464437	Marionette	WARN	TLS certificate errors will be ignored for this session

###!!! [Child][RunMessage] Error: Channel closing: too late to send/recv, messages will be lost


###!!! [Child][RunMessage] Error: Channel closing: too late to send/recv, messages will be lost

1592224128385	Marionette	INFO	Stopped listening on port 51836

###!!! [Child][MessageChannel::SendAndWait] Error: Channel error: cannot send/recv

istening on port 52343
1592223622774	Marionette	WARN	TLS certificate errors will be ignored for this session
JavaScript error: resource://gre/modules/NetworkGeolocationProvider.jsm, line 555: TypeError: xhr.response.location is undefined
JavaScript error: resource://gre/modules/NetworkGeolocationProvider.jsm, line 555: TypeError: xhr.response.location is undefined
JavaScript error: resource://gre/modules/NetworkGeolocationProvider.jsm, line 555: TypeError: xhr.response.location is undefined
JavaScript error: resource://gre/modules/NetworkGeolocationProvider.jsm, line 555: TypeError: xhr.response.location is undefined
JavaScript error: resource://gre/modules/NetworkGeolocationProvider.jsm, line 555: TypeError: xhr.response.location is undefined
JavaScript error: resource://gre/modules/NetworkGeolocationProvider.jsm, line 555: TypeError: xhr.response.location is undefined
1592223860737	mozrunner::runner	INFO	Running command: "C:\\Program Files\\Mozilla Firefox\\firefox.exe" "-marionette" "-foreground" "-no-remote" "-profile" "C:\\Users\\rohit\\AppData\\Local\\Temp\\rust_mozprofilesJCofP"
JavaScript error: resource://gre/modules/XULStore.jsm, line 66: Error: Can't find profile directory.
1592223869032	Marionette	INFO	Listening on port 53230
1592223869578	Marionette	WARN	TLS certificate errors will be ignored for this session
1592223950360	mozrunner::runner	INFO	Running command: "C:\\Program Files\\Mozilla Firefox\\firefox.exe" "-marionette" "-foreground" "-no-remote" "-profile" "C:\\Users\\rohit\\AppData\\Local\\Temp\\rust_mozprofileEEASBv"
JavaScript error: resource://gre/modules/XULStore.jsm, line 66: Error: Can't find profile directory.
1592223957760	Marionette	INFO	Listening on port 53602
1592223958201	Marionette	WARN	TLS certificate errors will be ignored for this session
1592224035631	mozrunner::runner	INFO	Running command: "C:\\Program Files\\Mozilla Firefox\\firefox.exe" "-marionette" "-foreground" "-no-remote" "-profile" "C:\\Users\\rohit\\AppData\\Local\\Temp\\rust_mozprofileeH12aI"
JavaScript error: resource://gre/modules/XULStore.jsm, line 66: Error: Can't find profile directory.
1592224042336	Marionette	INFO	Listening on port 53950
1592224042472	Marionette	WARN	TLS certificate errors will be ignored for this session
1592227444046	Marionette	INFO	Stopped listening on port 53950

###!!! [Child][RunMessage] Error: Channel closing: too late to send/recv, messages will be lost


###!!! [Child][MessageChannel::SendAndWait] Error: Channel error: cannot send/recv

/modules/XULStore.jsm, line 66: Error: Can't find profile directory.
[Parent 5172, Gecko_IOThread] WARNING: file /builds/worker/checkouts/gecko/ipc/chromium/src/base/process_util_win.cc, line 166
1592224414213	Marionette	INFO	Listening on port 55205
1592224414532	Marionette	WARN	TLS certificate errors will be ignored for this session
[Child 23836, Chrome_ChildThread] WARNING: pipe error: 232: file /builds/worker/checkouts/gecko/ipc/chromium/src/chrome/common/ipc_channel_win.cc, line 522
[Child 23836, Chrome_ChildThread] WARNING: pipe error: 232: file /builds/worker/checkouts/gecko/ipc/chromium/src/chrome/common/ipc_channel_win.cc, line 522
1592227397180	Marionette	INFO	Stopped listening on port 55205

###!!! [Child][RunMessage] Error: Channel closing: too late to send/recv, messages wi1592227399038	Marionette	INFO	Stopped listening on port 53218

###!!! [Child][RunMessage] Error: Channel closing: too late to send/recv, messages will be lost


###!!! [Child][MessageChannel::SendAndWait] Error: Channel error: cannot send/recv

1592282946364	mozrunner::runner	INFO	Running command: "C:\\Program Files\\Mozilla Firefox\\firefox.exe" "-marionette" "-foreground" "-no-remote" "-profile" "C:\\Users\\rohit\\AppData\\Local\\Temp\\rust_mozprofile2EpZuH"
JavaScript error: resource://gre/modules/XULStore.jsm, line 66: Error: Can't find profile directory.
1592282956564	Marionette	INFO	Listening on port 51971
1592282956631	Marionette	WARN	TLS certificate errors will be ignored for this session
[Child 15744, Chrome_ChildThread] WARNING: pipe error: 232: file /builds/worker/checkouts/gecko/ipc/chromium/src/chrome/common/ipc_channel_win.cc, line 522
[Child 15744, Chrome_ChildThread] WARNING: pipe error: 232: file /builds/worker/checkouts/gecko/ipc/chromium/src/chrome/common/ipc_channel_win.cc, line 522
1592283245327	Marionette	INFO	Stopped listening on port 51971

###!!! [Child][RunMessage] Error: Channel closing: too late to send/recv, messages will be lost


###!!! [Child][MessageChannel::SendAndWait] Error: Channel error: cannot send/recv

9ba4017351854c46d0.js, line 120: ReferenceError: jQuery is not defined
JavaScript error: https://c1.sfdcstatic.com/etc.clientlibs/clientlibs/granite/jquery/granite.min.e67470fde615e2d442e08aad300a8905.js, line 17: ReferenceError: jQuery is not defined
JavaScript error: https://c1.sfdcstatic.com/etc.clientlibs/foundation/clientlibs/jquery.min.dd9b395c741ce2784096e26619e14910.js, line 1: ReferenceError: _g is not defined
JavaScript error: https://c1.sfdcstatic.com/etc/clientlibs/sfdc-aem-master/clientlibs_analytics_login_top.min.61369b1fed207b460bd08d0759866db7.js, line 64: ReferenceError: jQuery is not defined
[Parent 23624, Gecko_IOThread] WARNING: file /builds/worker/checkouts/gecko/ipc/chromium/src/base/process_util_win.cc, line 166
1592297841685	Marionette	INFO	Stopped listening on port 52493

###!!! [Child][MessageChannel::SendAndWait] Error: Channel error: cannot send/recv

66: Error: Can't find profile directory.
1592288457792	Marionette	INFO	Listening on port 62496
1592288458273	Marionette	WARN	TLS certificate errors will be ignored for this session
1592297840575	Marionette	INFO	Stopped listening on port 62496

###!!! [Child][MessageChannel::SendAndWait] Error: Channel error: cannot send/recv

ile" "C:\\Users\\rohit\\AppData\\Local\\Temp\\rust_mozprofileKRjRXP"
JavaScript error: resource://gre/modules/XULStore.jsm, line 66: Error: Can't find profile directory.
[Parent 968, Gecko_IOThread] WARNING: file /builds/worker/checkouts/gecko/ipc/chromium/src/base/process_util_win.cc, line 166
1592296150164	Marionette	INFO	Listening on port 56047
1592296150643	Marionette	WARN	TLS certificate errors will be ignored for this session
1592297837548	Marionette	INFO	Stopped listening on port 56047

###!!! [Child][MessageChannel::SendAndWait] Error: Channel error: cannot send/recv

ile" "C:\\Users\\rohit\\AppData\\Local\\Temp\\rust_mozprofile6H83Ab"
JavaScript error: resource://gre/modules/XULStore.jsm, line 66: Error: Can't find profile directory.
1592296315820	Marionette	INFO	Listening on port 56554
1592296315919	Marionette	WARN	TLS certificate errors will be ignored for this session
JavaScript error: resource://gre/modules/NetworkGeolocationProvider.jsm, line 555: TypeError: xhr.response.location is undefined
1592297835695	Marionette	INFO	Stopped listening on port 56554

###!!! [Child][MessageChannel::SendAndWait] Error: Channel error: cannot send/recv

ile" "C:\\Users\\rohit\\AppData\\Local\\Temp\\rust_mozprofilejdNe2M"
JavaScript error: resource://gre/modules/XULStore.jsm, line 66: Error: Can't find profile directory.
1592296379928	Marionette	INFO	Listening on port 56828
1592296380060	Marionette	WARN	TLS certificate errors will be ignored for this session
console.error: "Store does not have a valid reducer. Make sure the argument passed to combineReducers is an object whose values are reducers."
1592297831484	Marionette	INFO	Stopped listening on port 56828

###!!! [Child][MessageChannel::SendAndWait] Error: Channel error: cannot send/recv

1592297872147	mozrunner::runner	INFO	Running command: "C:\\Program Files\\Mozilla Firefox\\firefox.exe" "-marionette" "-foreground" "-no-remote" "-profile" "C:\\Users\\rohit\\AppData\\Local\\Temp\\rust_mozprofileUFN12G"
JavaScript error: resource://gre/modules/XULStore.jsm, line 66: Error: Can't find profile directory.
1592297883571	Marionette	INFO	Listening on port 60622
1592297883693	Marionette	WARN	TLS certificate errors will be ignored for this session

###!!! [Child][RunMessage] Error: Channel closing: too late to send/recv, messages will be lost


###!!! [Child][RunMessage] Error: Channel closing: too late to send/recv, messages will be lost

1592298676395	Marionette	INFO	Stopped listening on port 60622

###!!! [Child][RunMessage] Error: Channel closing: too late to send/recv, messages will be lost


###!!! [Child][MessageChannel::SendAndWait] Error: Channel error: cannot send/recv

 session
1592298675300	Marionette	INFO	Stopped listening on port 61068

###!!! [Child][RunMessage] Error: Channel closing: too late to send/recv, messages will be lost


###!!! [Child][MessageChannel::SendAndWait] Error: Channel error: cannot send/recv

/modules/XULStore.jsm, line 66: Error: Can't find profile directory.
1592298089767	Marionette	INFO	Listening on port 61467
1592298090165	Marionette	WARN	TLS certificate errors will be ignored for this session
JavaScript error: resource://gre/modules/NetworkGeolocationProvider.jsm, line 555: TypeError: xhr.response.location is undefined
JavaScript error: resource://gre/modules/NetworkGeolocationProvider.jsm, line 555: TypeError: xhr.response.location is undefined
JavaScript error: resource://gre/modules/NetworkGeolocationProvider.jsm, line 555: TypeError: xhr.response.location is undefined
1592298674283	Marionette	INFO	Stopped listening on port 61467

###!!! [Child][RunMessage] Error: Channel closing: too late to send/recv, messages will be lost


###!!! [Child][MessageChannel::SendAndWait] Error: Channel error: cannot send/recv

/modules/XULStore.jsm, line 66: Error: Can't find profile directory.
1592298369490	Marionette	INFO	Listening on port 62231
1592298369791	Marionette	WARN	TLS certificate errors will be ignored for this session

###!!! [Child][MessageChannel] Error: (msgtype=0x590011,name=PHttpChannel::Msg___delete__) Channel closing: too late to send/recv, messages will be lost

1592298668748	Marionette	INFO	Stopped listening on port 62231

###!!! [Child][RunMessage] Error: Channel closing: too late to send/recv, messages will be lost


###!!! [Child][MessageChannel::SendAndWait] Error: Channel error: cannot send/recv

1592298688320	mozrunner::runner	INFO	Running command: "C:\\Program Files\\Mozilla Firefox\\firefox.exe" "-marionette" "-foreground" "-no-remote" "-profile" "C:\\Users\\rohit\\AppData\\Local\\Temp\\rust_mozprofileYGpulR"
JavaScript error: resource://gre/modules/XULStore.jsm, line 66: Error: Can't find profile directory.
1592298693541	Marionette	INFO	Listening on port 62832
1592298694058	Marionette	WARN	TLS certificate errors will be ignored for this session
1592304480955	Marionette	INFO	Stopped listening on port 62832

###!!! [Child][RunMessage] Error: Channel closing: too late to send/recv, messages will be lost


###!!! [Child][MessageChannel::SendAndWait] Error: Channel error: cannot send/recv

1592305322603	mozrunner::runner	INFO	Running command: "C:\\Program Files\\Mozilla Firefox\\firefox.exe" "-marionette" "-foreground" "-no-remote" "-profile" "C:\\Users\\rohit\\AppData\\Local\\Temp\\rust_mozprofilewiuifT"
JavaScript error: resource://gre/modules/XULStore.jsm, line 66: Error: Can't find profile directory.
1592305328685	Marionette	INFO	Listening on port 51433
1592305328841	Marionette	WARN	TLS certificate errors will be ignored for this session
1592311570852	Marionette	INFO	Stopped listening on port 51433

###!!! [Child][MessageChannel::SendAndWait] Error: Channel error: cannot send/recv

ile" "C:\\Users\\rohit\\AppData\\Local\\Temp\\rust_mozprofile7jJSWV"
JavaScript error: resource://gre/modules/XULStore.jsm, line 66: Error: Can't find profile directory.
1592305435088	Marionette	INFO	Listening on port 51829
1592305435233	Marionette	WARN	TLS certificate errors will be ignored for this session
1592311569891	Marionette	INFO	Stopped listening on port 51829

###!!! [Child][MessageChannel::SendAndWait] Error: Channel error: cannot send/recv

ile" "C:\\Users\\rohit\\AppData\\Local\\Temp\\rust_mozprofile7xGp8O"
JavaScript error: resource://gre/modules/XULStore.jsm, line 66: Error: Can't find profile directory.
1592305645940	Marionette	INFO	Listening on port 52408
1592305646435	Marionette	WARN	TLS certificate errors will be ignored for this session
1592311569157	Marionette	INFO	Stopped listening on port 52408

###!!! [Child][RunMessage] Error: Channel closing: too late to send/recv, messages will be lost


###!!! [Child][MessageChannel::SendAndWait] Error: Channel error: cannot send/recv

/modules/XULStore.jsm, line 66: Error: Can't find profile directory.
1592311065794	Marionette	INFO	Listening on port 50165
1592311065901	Marionette	WARN	TLS certificate errors will be ignored for this session
1592311568401	Marionette	INFO	Stopped listening on port 50165

###!!! [Child][RunMessage] Error: Channel closing: too late to send/recv, messages will be lost


###!!! [Child][MessageChannel::SendAndWait] Error: Channel error: cannot send/recv

/modules/XULStore.jsm, line 66: Error: Can't find profile directory.
1592311347672	Marionette	INFO	Listening on port 50932
1592311347735	Marionette	WARN	TLS certificate errors will be ignored for this session
1592311567445	Marionette	INFO	Stopped listening on port 50932

###!!! [Child][RunMessage] Error: Channel closing: too late to send/recv, messages will be lost


###!!! [Child][MessageChannel::SendAndWait] Error: Channel error: cannot send/recv

1592311636340	mozrunner::runner	INFO	Running command: "C:\\Program Files\\Mozilla Firefox\\firefox.exe" "-marionette" "-foreground" "-no-remote" "-profile" "C:\\Users\\rohit\\AppData\\Local\\Temp\\rust_mozprofileIJz7XR"
JavaScript error: resource://gre/modules/XULStore.jsm, line 66: Error: Can't find profile directory.
1592311642070	Marionette	INFO	Listening on port 51570
1592311642567	Marionette	WARN	TLS certificate errors will be ignored for this session
1592311674124	Marionette	INFO	Stopped listening on port 51570

###!!! [Child][RunMessage] Error: Channel closing: too late to send/recv, messages will be lost


###!!! [Child][MessageChannel::SendAndWait] Error: Channel error: cannot send/recv

1592311683272	mozrunner::runner	INFO	Running command: "C:\\Program Files\\Mozilla Firefox\\firefox.exe" "-marionette" "-foreground" "-no-remote" "-profile" "C:\\Users\\rohit\\AppData\\Local\\Temp\\rust_mozprofiletnTSu8"
JavaScript error: resource://gre/modules/XULStore.jsm, line 66: Error: Can't find profile directory.
1592311690762	Marionette	INFO	Listening on port 51644
1592311691115	Marionette	WARN	TLS certificate errors will be ignored for this session
JavaScript error: resource://gre/modules/NetworkGeolocationProvider.jsm, line 555: TypeError: xhr.response.location is undefined
JavaScript error: resource://gre/modules/NetworkGeolocationProvider.jsm, line 555: TypeError: xhr.response.location is undefined
JavaScript error: resource://gre/modules/NetworkGeolocationProvider.jsm, line 555: TypeError: xhr.response.location is undefined
JavaScript error: resource://gre/modules/NetworkGeolocationProvider.jsm, line 555: TypeError: xhr.response.location is undefined
JavaScript error: resource://gre/modules/NetworkGeolocationProvider.jsm, line 555: TypeError: xhr.response.location is undefined

###!!! [Child][RunMessage] Error: Channel error: cannot send/recv


###!!! [Child][RunMessage] Error: Channel error: cannot send/recv


###!!! [Child][RunMessage] Error: Channel error: cannot send/recv


###!!! [Child][RunMessage] Error: Channel error: cannot send/recv


###!!! [Child][RunMessage] Error: Channel error: cannot send/recv


###!!! [Child][RunMessage] Error: Channel error: cannot send/recv


###!!! [Child][RunMessage] Error: Channel error: cannot send/recv


###!!! [Child][RunMessage] Error: Channel error: cannot send/recv


###!!! [Child][RunMessage] Error: Channel error: cannot send/recv

1592312290866	Marionette	INFO	Stopped listening on port 51644

###!!! [Child][RunMessage] Error: Channel closing: too late to send/recv, messages will be lost


###!!! [Child][MessageChannel::SendAndWait] Error: Channel error: cannot send/recv

in.cc, line 522
1592312289495	Marionette	INFO	Stopped listening on port 51979

###!!! [Child][RunMessage] Error: Channel closing: too late to send/recv, messages will be lost


###!!! [Child][MessageChannel::SendAndWait] Error: Channel error: cannot send/recv

0fde615e2d442e08aad300a8905.js, line 17: ReferenceError: jQuery is not defined
JavaScript error: https://c1.sfdcstatic.com/etc.clientlibs/foundation/clientlibs/jquery.min.dd9b395c741ce2784096e26619e14910.js, line 1: ReferenceError: _g is not defined
JavaScript error: https://c1.sfdcstatic.com/etc/clientlibs/sfdc-aem-master/clientlibs_analytics_login_top.min.61369b1fed207b460bd08d0759866db7.js, line 64: ReferenceError: jQuery is not defined
JavaScript error: https://c1.sfdcstatic.com/etc/clientlibs/sfdc-aem-master/clientlibs_analytics_login_bottom.min.8c20a374991a50ca1a18d7bc072f964f.js, line 33: TypeError: vp.getProperty is not a function
JavaScript error: https://c.salesforce.com/login-messages/promos.html, line 43: TypeError: SfdcWwwBase.gdpr.init is not a function

###!!! [Child][RunMessage] Error: Channel closing: too late to send/recv, messages will be lost


###!!! [Child][RunMessage] Error: Channel closing: too late to send/recv, messages will be lost

1592312288316	Marionette	INFO	Stopped listening on port 52397

###!!! [Child][MessageChannel::SendAndWait] Error: Channel error: cannot send/recv

istening on port 53020
1592312135492	Marionette	WARN	TLS certificate errors will be ignored for this session

###!!! [Child][RunMessage] Error: Channel closing: too late to send/recv, messages will be lost


###!!! [Child][RunMessage] Error: Channel closing: too late to send/recv, messages will be lost


###!!! [Child][RunMessage] Error: Channel closing: too late to send/recv, messages will be lost


###!!! [Child][Ru1592312294521	Marionette	INFO	Listening on port 53415
1592312294686	Marionette	WARN	TLS certificate errors will be ignored for this session
1592312433944	Marionette	INFO	Stopped listening on port 53415

###!!! [Child][RunMessage] Error: Channel closing: too late to send/recv, messages will be lost


###!!! [Child][MessageChannel::SendAndWait] Error: Channel error: cannot send/recv

[Child][RunMessage] Error: Channel closing: too late to send/recv, messages will be lost


###!!! [Child][RunMessage] Error: Channel closing: too late to send/recv, messages will be lost


###!!! [Child][RunMessage] Error: Channel closing: too late to send/recv, messages will be lost


###!!! [Child][RunMessage] Error: Channel closing: too late to send/recv, messages will be lost


###!!! [Child][RunMessage] Error: Channel closing: too late to send/recv, messages will be lost


###!!! [Child][RunMessage] Error: Channel closing: too late to send/recv, messages will be lost


###!!! [Child][RunMessage] Error: Channel closing: too late to send/recv, messages will be lost


###!!! [Child][RunMessage] Error: Channel closing: too late to send/recv, messages will be lost

1592312292268	Marionette	INFO	Stopped listening on port 53020

###!!! [Child][RunMessage] Error: Channel closing: too late to send/recv, messages will be lost


###!!! [Child][MessageChannel::SendAndWait] Error: Channel error: cannot send/recv

1592312371794	mozrunner::runner	INFO	Running command: "C:\\Program Files\\Mozilla Firefox\\firefox.exe" "-marionette" "-foreground" "-no-remote" "-profile" "C:\\Users\\rohit\\AppData\\Local\\Temp\\rust_mozprofile5JuBZt"
JavaScript error: resource://gre/modules/XULStore.jsm, line 66: Error: Can't find profile directory.
1592312378702	Marionette	INFO	Listening on port 53730
1592312379130	Marionette	WARN	TLS certificate errors will be ignored for this session
1592312434688	Marionette	INFO	Stopped listening on port 53730

###!!! [Child][RunMessage] Error: Channel closing: too late to send/recv, messages will be lost


###!!! [Child][MessageChannel::SendAndWait] Error: Channel error: cannot send/recv

1592312585562	mozrunner::runner	INFO	Running command: "C:\\Program Files\\Mozilla Firefox\\firefox.exe" "-marionette" "-foreground" "-no-remote" "-profile" "C:\\Users\\rohit\\AppData\\Local\\Temp\\rust_mozprofileWfYMXS"
JavaScript error: resource://gre/modules/XULStore.jsm, line 66: Error: Can't find profile directory.
1592312591309	Marionette	INFO	Listening on port 54286
1592312591792	Marionette	WARN	TLS certificate errors will be ignored for this session

###!!! [Child][RunMessage] Error: Channel closing: too late to send/recv, messages will be lost

1592313791577	Marionette	INFO	Stopped listening on port 54286

###!!! [Child][RunMessage] Error: Channel closing: too late to send/recv, messages will be lost


###!!! [Child][MessageChannel::SendAndWait] Error: Channel error: cannot send/recv

istening on port 54598
1592312688970	Marionette	WARN	TLS certificate errors will be ignored for this session
JavaScript error: https://c1.sfdcstatic.com/etc.clientlibs/foundation/clientlibs/jquery.min.dd9b395c741ce2784096e26619e14910.js, line 1: ReferenceError: _g is not defined
JavaScript error: https://c1.sfdcstatic.com/etc/clientlibs/sfdc-aem-master/clientlibs_analytics_login_top.min.61369b1fed207b460bd08d0759866db7.js, line 64: ReferenceError: jQuery is not defined
[Child 18996, Chrome_ChildThread] WARNING: pipe error: 232: file /builds/worker/checkouts/gecko/ipc/chromium/src/chrome/common/ipc_channel_win.cc, line 522

###!!! [Child][RunMessage] Error: Channel closing: too late to send/recv, messages will be lost

1592313790539	Marionette	INFO	Stopped listening on port 54598

###!!! [Child][RunMessage] Error: Channel closing: too late to send/recv, messages will be lost


###!!! [Child][MessageChannel::SendAndWa[Child 10864, Chrome_ChildThread] WARNING: pipe error: 232: file /builds/worker/checkouts/gecko/ipc/chromium/src/chrome/common/ipc_channel_win.cc, line 522

###!!! [Child][RunMessage] Error: Channel closing: too late to send/recv, messages will be lost

1592313793015	Marionette	INFO	Stopped listening on port 56996

###!!! [Child][RunMessage] Error: Channel closing: too late to send/recv, messages will be lost


###!!! [Child][MessageChannel::SendAndWait] Error: Channel error: cannot send/recv

1592313819933	mozrunner::runner	INFO	Running command: "C:\\Program Files\\Mozilla Firefox\\firefox.exe" "-marionette" "-foreground" "-no-remote" "-profile" "C:\\Users\\rohit\\AppData\\Local\\Temp\\rust_mozprofileN3url2"
JavaScript error: resource://gre/modules/XULStore.jsm, line 66: Error: Can't find profile directory.
1592313825581	Marionette	INFO	Listening on port 57192
1592313825681	Marionette	WARN	TLS certificate errors will be ignored for this session

###!!! [Child][RunMessage] Error: Channel closing: too late to send/recv, messages will be lost


###!!! [Child][RunMessage] Error: Channel closing: too late to send/recv, messages will be lost

1592319584782	Marionette	INFO	Stopped listening on port 57192

###!!! [Child][RunMessage] Error: Channel closing: too late to send/recv, messages will be lost


###!!! [Child][MessageChannel::SendAndWait] Error: Channel error: cannot send/recv

 session
JavaScript error: https://c1.sfdcstatic.com/etc.clientlibs/clientlibs/granite/utils.min.a53a609d64abb59ba4017351854c46d0.js, line 120: ReferenceError: jQuery is not defined
JavaScript error: https://c1.sfdcstatic.com/etc.clientlibs/clientlibs/granite/jquery/granite.min.e67470fde615e2d442e08aad300a8905.js, line 17: ReferenceError: jQuery is not defined
JavaScript error: https://c1.sfdcstatic.com/etc.clientlibs/foundation/clientlibs/jquery.min.dd9b395c741ce2784096e26619e14910.js, line 1: ReferenceError: _g is not defined
JavaScript error: https://c1.sfdcstatic.com/etc/clientlibs/sfdc-aem-master/clientlibs_analytics_login_top.min.61369b1fed207b460bd08d0759866db7.js, line 64: ReferenceError: jQuery is not defined
JavaScript error: https://c1.sfdcstatic.com/etc/clientlibs/sfdc-aem-master/clientlibs_analytics_login_bottom.min.8c20a374991a50ca1a18d7bc072f964f.js, line 33: TypeError: vp.getProperty is not a function
JavaScript error: https://c.salesforce.com/login-messages/promos.html, line 43: TypeError: SfdcWwwBase.gdpr.init is not a function
1592314565153	Marionette	INFO	Stopped listening on port 57513

###!!! [Child][RunMessage] Error: Channel closing: too late to send/recv, messages will be lost


###!!! [Child][MessageChannel::SendAndWait] Error: Channel error: cannot send/recv

/modules/XULStore.jsm, line 66: Error: Can't find profile directory.
1592314287824	Marionette	INFO	Listening on port 58595
1592314288124	Marionette	WARN	TLS certificate errors will be ignored for this session
JavaScript error: https://c1.sfdcstatic.com/etc/clientlibs/sfdc-aem-master/clientlibs_analytics_login_top.min.61369b1fed207b460bd08d0759866db7.js, line 64: ReferenceError: jQuery is not defined
JavaScript error: https://c1.sfdcstatic.com/etc/clientlibs/sfdc-aem-master/clientlibs_analytics_login_bottom.min.8c20a374991a50ca1a18d7bc072f964f.js, line 33: TypeError: vp.getProperty is not a function
JavaScript error: https://c.salesforce.com/login-messages/promos.html, line 43: TypeError: SfdcWwwBase.gdpr.init is not a function
[Parent 15524, Gecko_IOThread] WARNING: file /builds/worker/checkouts/gecko/ipc/chromium/src/base/process_util_win.cc, line 166
1592314563520	Marionette	INFO	Stopped listening on port 58595

###!!! [Child][RunMessage] Error: Channel closing: too late to send/recv, messages will be lost


###!!! [Child][MessageChannel::SendAndWait] Error: Channel error: cannot send/recv

1592379898002	mozrunner::runner	INFO	Running command: "C:\\Program Files\\Mozilla Firefox\\firefox.exe" "-marionette" "-foreground" "-no-remote" "-profile" "C:\\Users\\rohit\\AppData\\Local\\Temp\\rust_mozprofileNsF0Mx"
JavaScript error: resource://gre/modules/XULStore.jsm, line 66: Error: Can't find profile directory.
1592379904974	Marionette	INFO	Listening on port 57367
1592379905330	Marionette	WARN	TLS certificate errors will be ignored for this session
1592379930859	Marionette	INFO	Stopped listening on port 57367

###!!! [Child][RunMessage] Error: Channel closing: too late to send/recv, messages will be lost


###!!! [Child][MessageChannel::SendAndWait] Error: Channel error: cannot send/recv

1592462792605	mozrunner::runner	INFO	Running command: "C:\\Program Files\\Mozilla Firefox\\firefox.exe" "-marionette" "-foreground" "-no-remote" "-profile" "C:\\Users\\rohit\\AppData\\Local\\Temp\\rust_mozprofile2r1Rra"
JavaScript error: resource://gre/modules/XULStore.jsm, line 66: Error: Can't find profile directory.
1592462802094	Marionette	INFO	Listening on port 60599
1592462802577	Marionette	WARN	TLS certificate errors will be ignored for this session
JavaScript error: chrome://marionette/content/proxy.js, line 287: NS_ERROR_NOT_INITIALIZED
1592462860673	Marionette	INFO	Stopped listening on port 60599

###!!! [Child][RunMessage] Error: Channel closing: too late to send/recv, messages will be lost


###!!! [Child][MessageChannel::SendAndWait] Error: Channel error: cannot send/recv

1592563830881	mozrunner::runner	INFO	Running command: "C:\\Program Files\\Mozilla Firefox\\firefox.exe" "-marionette" "-foreground" "-no-remote" "-profile" "C:\\Users\\rohit\\AppData\\Local\\Temp\\rust_mozprofilepFMvXc"
JavaScript error: resource://gre/modules/XULStore.jsm, line 66: Error: Can't find profile directory.
1592563852969	Marionette	INFO	Listening on port 64201
1592563853254	Marionette	WARN	TLS certificate errors will be ignored for this session
JavaScript error: resource://gre/modules/NetworkGeolocationProvider.jsm, line 555: TypeError: xhr.response.location is undefined
JavaScript error: resource://gre/modules/NetworkGeolocationProvider.jsm, line 555: TypeError: xhr.response.location is undefined
JavaScript error: resource://gre/modules/NetworkGeolocationProvider.jsm, line 555: TypeError: xhr.response.location is undefined
1592563890988	Marionette	INFO	Stopped listening on port 64201

###!!! [Child][RunMessage] Error: Channel closing: too late to send/recv, messages will be lost


###!!! [Child][MessageChannel::SendAndWait] Error: Channel error: cannot send/recv

1592832177977	mozrunner::runner	INFO	Running command: "C:\\Program Files\\Mozilla Firefox\\firefox.exe" "-marionette" "-foreground" "-no-remote" "-profile" "C:\\Users\\rohit\\AppData\\Local\\Temp\\rust_mozprofile33223N"
JavaScript error: resource://gre/modules/XULStore.jsm, line 66: Error: Can't find profile directory.
1592832189851	Marionette	INFO	Listening on port 57936
1592832189971	Marionette	WARN	TLS certificate errors will be ignored for this session
JavaScript error: resource://gre/modules/NetworkGeolocationProvider.jsm, line 555: TypeError: xhr.response.location is undefined
1592832309575	Marionette	INFO	Stopped listening on port 57936

###!!! [Child][RunMessage] Error: Channel closing: too late to send/recv, messages will be lost


###!!! [Child][MessageChannel::SendAndWait] Error: Channel error: cannot send/recv

1592832323776	mozrunner::runner	INFO	Running command: "C:\\Program Files\\Mozilla Firefox\\firefox.exe" "-marionette" "-foreground" "-no-remote" "-profile" "C:\\Users\\rohit\\AppData\\Local\\Temp\\rust_mozprofileISUU1X"
JavaScript error: resource://gre/modules/XULStore.jsm, line 66: Error: Can't find profile directory.
1592832329950	Marionette	INFO	Listening on port 58063
1592832330119	Marionette	WARN	TLS certificate errors will be ignored for this session
1592832347097	Marionette	INFO	Stopped listening on port 58063
JavaScript error: resource://gre/modules/UrlClassifierListManager.jsm, line 691: TypeError: this.tablesData[table] is undefined

###!!! [Child][RunMessage] Error: Channel closing: too late to send/recv, messages will be lost


###!!! [Child][MessageChannel::SendAndWait] Error: Channel error: cannot send/recv

1592832395514	mozrunner::runner	INFO	Running command: "C:\\Program Files\\Mozilla Firefox\\firefox.exe" "-marionette" "-foreground" "-no-remote" "-profile" "C:\\Users\\rohit\\AppData\\Local\\Temp\\rust_mozprofileQWfI9C"
JavaScript error: resource://gre/modules/XULStore.jsm, line 66: Error: Can't find profile directory.
1592832401968	Marionette	INFO	Listening on port 58155
1592832402357	Marionette	WARN	TLS certificate errors will be ignored for this session
JavaScript error: resource://gre/modules/NetworkGeolocationProvider.jsm, line 555: TypeError: xhr.response.location is undefined
1592832420812	Marionette	INFO	Stopped listening on port 58155

###!!! [Child][RunMessage] Error: Channel closing: too late to send/recv, messages will be lost


###!!! [Child][MessageChannel::SendAndWait] Error: Channel error: cannot send/recv

1592832680190	mozrunner::runner	INFO	Running command: "C:\\Program Files\\Mozilla Firefox\\firefox.exe" "-marionette" "-foreground" "-no-remote" "-profile" "C:\\Users\\rohit\\AppData\\Local\\Temp\\rust_mozprofileVHycKi"
JavaScript error: resource://gre/modules/XULStore.jsm, line 66: Error: Can't find profile directory.
1592832687047	Marionette	INFO	Listening on port 59690
1592832688166	Marionette	WARN	TLS certificate errors will be ignored for this session
1592833010461	Marionette	INFO	Stopped listening on port 59690

###!!! [Child][RunMessage] Error: Channel closing: too late to send/recv, messages will be lost


###!!! [Child][MessageChannel::SendAndWait] Error: Channel error: cannot send/recv

/modules/XULStore.jsm, line 66: Error: Can't find profile directory.
1592832879836	Marionette	INFO	Listening on port 59907
1592832880217	Marionette	WARN	TLS certificate errors will be ignored for this session
JavaScript error: https://c1.sfdcstatic.com/etc.clientlibs/clientlibs/granite/utils.min.a53a609d64abb59ba4017351854c46d0.js, line 120: ReferenceError: jQuery is not defined
JavaScript error: https://c1.sfdcstatic.com/etc.clientlibs/clientlibs/granite/jquery/granite.min.e67470fde615e2d442e08aad300a8905.js, line 17: ReferenceError: jQuery is not defined
JavaScript error: https://c1.sfdcstatic.com/etc.clientlibs/foundation/clientlibs/jquery.min.dd9b395c741ce2784096e26619e14910.js, line 1: ReferenceError: _g is not defined
JavaScript error: https://c1.sfdcstatic.com/etc/clientlibs/sfdc-aem-master/clientlibs_analytics_login_top.min.61369b1fed207b460bd08d0759866db7.js, line 64: ReferenceError: jQuery is not defined
1592833010483	Marionette	INFO	Stopped listening on port 59907

###!!! [Child][RunMessage] Error: Channel closing: too late to send/recv, messages will be lost


###!!! [Child][MessageChannel::SendAndWait] Error: Channel error: cannot send/recv

/modules/XULStore.jsm, line 66: Error: Can't find profile directory.
1592832965947	Marionette	INFO	Listening on port 60025
1592832966052	Marionette	WARN	TLS certificate errors will be ignored for this session
1592832982718	Marionette	INFO	Stopped listening on port 60025

###!!! [Child][RunMessage] Error: Channel closing: too late to send/recv, messages will be lost


###!!! [Child][MessageChannel::SendAndWait] Error: Channel error: cannot send/recv

1592833057748	mozrunner::runner	INFO	Running command: "C:\\Program Files\\Mozilla Firefox\\firefox.exe" "-marionette" "-foreground" "-no-remote" "-profile" "C:\\Users\\rohit\\AppData\\Local\\Temp\\rust_mozprofileQ47nsR"
JavaScript error: resource://gre/modules/XULStore.jsm, line 66: Error: Can't find profile directory.
1592833064239	Marionette	INFO	Listening on port 60134
1592833064580	Marionette	WARN	TLS certificate errors will be ignored for this session
1592833085729	Marionette	INFO	Stopped listening on port 60134

###!!! [Child][MessageChannel::SendAndWait] Error: Channel error: cannot send/recv

1592833107183	mozrunner::runner	INFO	Running command: "C:\\Program Files\\Mozilla Firefox\\firefox.exe" "-marionette" "-foreground" "-no-remote" "-profile" "C:\\Users\\rohit\\AppData\\Local\\Temp\\rust_mozprofilef7QxUF"
JavaScript error: resource://gre/modules/XULStore.jsm, line 66: Error: Can't find profile directory.
1592833111966	Marionette	INFO	Listening on port 60222
1592833112404	Marionette	WARN	TLS certificate errors will be ignored for this session
1592833134879	Marionette	INFO	Stopped listening on port 60222

###!!! [Child][RunMessage] Error: Channel closing: too late to send/recv, messages will be lost


###!!! [Child][MessageChannel::SendAndWait] Error: Channel error: cannot send/recv

1592920004325	mozrunner::runner	INFO	Running command: "C:\\Program Files\\Mozilla Firefox\\firefox.exe" "-marionette" "-foreground" "-no-remote" "-profile" "C:\\Users\\rohit\\AppData\\Local\\Temp\\rust_mozprofiletsmqJo"
JavaScript error: resource://gre/modules/XULStore.jsm, line 66: Error: Can't find profile directory.
1592920017234	Marionette	INFO	Listening on port 54532
1592920017634	Marionette	WARN	TLS certificate errors will be ignored for this session
1592920023838	Marionette	INFO	Stopped listening on port 54532

###!!! [Child][RunMessage] Error: Channel closing: too late to send/recv, messages will be lost


###!!! [Child][MessageChannel::SendAndWait] Error: Channel error: cannot send/recv

1592920177527	mozrunner::runner	INFO	Running command: "C:\\Program Files\\Mozilla Firefox\\firefox.exe" "-marionette" "-foreground" "-no-remote" "-profile" "C:\\Users\\rohit\\AppData\\Local\\Temp\\rust_mozprofile6TWok1"
JavaScript error: resource://gre/modules/XULStore.jsm, line 66: Error: Can't find profile directory.
1592920189168	Marionette	INFO	Listening on port 55022
1592920189627	Marionette	WARN	TLS certificate errors will be ignored for this session
1592920195394	Marionette	INFO	Stopped listening on port 55022

###!!! [Child][MessageChannel::SendAndWait] Error: Channel error: cannot send/recv

1592922911796	mozrunner::runner	INFO	Running command: "C:\\Program Files\\Mozilla Firefox\\firefox.exe" "-marionette" "-foreground" "-no-remote" "-profile" "C:\\Users\\rohit\\AppData\\Local\\Temp\\rust_mozprofileg5jr4s"
JavaScript error: resource://gre/modules/XULStore.jsm, line 66: Error: Can't find profile directory.
1592922928620	Marionette	INFO	Listening on port 55189
1592922928972	Marionette	WARN	TLS certificate errors will be ignored for this session
1592922934977	Marionette	INFO	Stopped listening on port 55189
JavaScript error: resource://devtools/client/jsonview/converter-observer.js, line 76: NS_ERROR_NOT_AVAILABLE: Component returned failure code: 0x80040111 (NS_ERROR_NOT_AVAILABLE) [nsIChannel.contentType]

###!!! [Child][RunMessage] Error: Channel closing: too late to send/recv, messages will be lost


###!!! [Child][MessageChannel::SendAndWait] Error: Channel error: cannot send/recv

1592922971658	mozrunner::runner	INFO	Running command: "C:\\Program Files\\Mozilla Firefox\\firefox.exe" "-marionette" "-foreground" "-no-remote" "-profile" "C:\\Users\\rohit\\AppData\\Local\\Temp\\rust_mozprofiletLZ89j"
JavaScript error: resource://gre/modules/XULStore.jsm, line 66: Error: Can't find profile directory.
1592922977377	Marionette	INFO	Listening on port 55410
1592922977394	Marionette	WARN	TLS certificate errors will be ignored for this session
JavaScript error: resource://gre/modules/NetworkGeolocationProvider.jsm, line 555: TypeError: xhr.response.location is undefined
1592924750633	Marionette	INFO	Stopped listening on port 55410

###!!! [Child][MessageChannel::SendAndWait] Error: Channel error: cannot send/recv

ile" "C:\\Users\\rohit\\AppData\\Local\\Temp\\rust_mozprofiletwb7h1"
JavaScript error: resource://gre/modules/XULStore.jsm, line 66: Error: Can't find profile directory.
1592923032483	Marionette	INFO	Listening on port 55616
1592923032587	Marionette	WARN	TLS certificate errors will be ignored for this session
JavaScript error: https://aressbusiness--aressbusb.my.salesforce.com/jslibrary/LoginHint208.js, line 23: ReferenceError: loader is not defined
JavaScript error: resource://gre/modules/NetworkGeolocationProvider.jsm, line 555: TypeError: xhr.response.location is undefined

###!!! [Child][RunMessage] Error: Channel closing: too late to send/recv, messages will be lost

1592924747775	Marionette	INFO	Stopped listening on port 55616

###!!! [Child][MessageChannel::SendAndWait] Error: Channel error: cannot send/recv

/modules/XULStore.jsm, line 66: Error: Can't find profile directory.
1592923466984	Marionette	INFO	Listening on port 57334
1592923467378	Marionette	WARN	TLS certificate errors will be ignored for this session
JavaScript error: resource://gre/modules/NetworkGeolocationProvider.jsm, line 555: TypeError: xhr.response.location is undefined
JavaScript error: https://aressbusiness--aressbusb.my.salesforce.com/jslibrary/LoginHint208.js, line 23: ReferenceError: loader is not defined
[Parent 11012, Gecko_IOThread] WARNING: file /builds/worker/checkouts/gecko/ipc/chromium/src/base/process_util_win.cc, line 166
1592924741402	Marionette	INFO	Stopped listening on port 57334

###!!! [Child][MessageChannel::SendAndWait] Error: Channel error: cannot send/recv

66: Error: Can't find profile directory.
1592923601850	Marionette	INFO	Listening on port 49416
1592923602041	Marionette	WARN	TLS certificate errors will be ignored for this session
JavaScript error: resource://gre/modules/NetworkGeolocationProvider.jsm, line 555: TypeError: xhr.response.location is undefined
1592924743395	Marionette	INFO	Stopped listening on port 49416

###!!! [Child][MessageChannel::SendAndWait] Error: Channel error: cannot send/recv

ile" "C:\\Users\\rohit\\AppData\\Local\\Temp\\rust_mozprofile8VsmuF"
JavaScript error: resource://gre/modules/XULStore.jsm, line 66: Error: Can't find profile directory.
1592923675573	Marionette	INFO	Listening on port 49747
1592923675695	Marionette	WARN	TLS certificate errors will be ignored for this session
JavaScript error: resource://gre/modules/NetworkGeolocationProvider.jsm, line 555: TypeError: xhr.response.location is undefined
1592924747926	Marionette	INFO	Stopped listening on port 49747

###!!! [Child][MessageChannel::SendAndWait] Error: Channel error: cannot send/recv

ile" "C:\\Users\\rohit\\AppData\\Local\\Temp\\rust_mozprofilelF1UVc"
JavaScript error: resource://gre/modules/XULStore.jsm, line 66: Error: Can't find profile directory.
1592924391712	Marionette	INFO	Listening on port 61431
1592924392028	Marionette	WARN	TLS certificate errors will be ignored for this session
JavaScript error: https://c1.sfdcstatic.com/etc.clientlibs/clientlibs/granite/jquery/granite.min.e67470fde615e2d442e08aad300a8905.js, line 17: ReferenceError: jQuery is not defined
JavaScript error: https://c1.sfdcstatic.com/etc.clientlibs/foundation/clientlibs/jquery.min.dd9b395c741ce2784096e26619e14910.js, line 1: ReferenceError: _g is not defined
JavaScript error: resource://gre/modules/NetworkGeolocationProvider.jsm, line 555: TypeError: xhr.response.location is undefined
JavaScript error: https://c1.sfdcstatic.com/etc/clientlibs/sfdc-aem-master/clientlibs_analytics_login_top.min.61369b1fed207b460bd08d0759866db7.js, line 64: ReferenceError: jQuery is not defined
1592924740690	Marionette	INFO	Stopped listening on port 61431

###!!! [Child][RunMessage] Error: Channel closing: too late to send/recv, messages will be lost


###!!! [Child][MessageChannel::SendAndWait] Error: Channel error: cannot send/recv

/modules/XULStore.jsm, line 66: Error: Can't find profile directory.
1592924511667	Marionette	INFO	Listening on port 53607
1592924511725	Marionette	WARN	TLS certificate errors will be ignored for this session
1592924737740	Marionette	INFO	Stopped listening on port 53607

###!!! [Child][RunMessage] Error: Channel closing: too late to send/recv, messages will be lost


###!!! [Child][MessageChannel::SendAndWait] Error: Channel error: cannot send/recv

/modules/XULStore.jsm, line 66: Error: Can't find profile directory.
1592924638059	Marionette	INFO	Listening on port 54141
1592924638277	Marionette	WARN	TLS certificate errors will be ignored for this session
JavaScript error: resource://gre/modules/NetworkGeolocationProvider.jsm, line 555: TypeError: xhr.response.location is undefined
1592924734622	Marionette	INFO	Stopped listening on port 54141

###!!! [Child][MessageChannel::SendAndWait] Error: Channel error: cannot send/recv

1592925654095	mozrunner::runner	INFO	Running command: "C:\\Program Files\\Mozilla Firefox\\firefox.exe" "-marionette" "-foreground" "-no-remote" "-profile" "C:\\Users\\rohit\\AppData\\Local\\Temp\\rust_mozprofile0lF4UY"
JavaScript error: resource://gre/modules/XULStore.jsm, line 66: Error: Can't find profile directory.
1592925662021	Marionette	INFO	Listening on port 54938
1592925662504	Marionette	WARN	TLS certificate errors will be ignored for this session
1592926379158	Marionette	INFO	Stopped listening on port 54938

###!!! [Child][RunMessage] Error: Channel closing: too late to send/recv, messages will be lost


###!!! [Child][MessageChannel::SendAndWait] Error: Channel error: cannot send/recv

/modules/XULStore.jsm, line 66: Error: Can't find profile directory.
1592925841154	Marionette	INFO	Listening on port 57186
1592925841475	Marionette	WARN	TLS certificate errors will be ignored for this session
JavaScript error: resource://gre/modules/NetworkGeolocationProvider.jsm, line 555: TypeError: xhr.response.location is undefined
1592926379226	Marionette	INFO	Stopped listening on port 57186

###!!! [Child][RunMessage] Error: Channel closing: too late to send/recv, messages will be lost


###!!! [Child][MessageChannel::SendAndWait] Error: Channel error: cannot send/recv

/modules/XULStore.jsm, line 66: Error: Can't find profile directory.
1592926268740	Marionette	INFO	Listening on port 58565
1592926269158	Marionette	WARN	TLS certificate errors will be ignored for this session
JavaScript error: resource://gre/modules/NetworkGeolocationProvider.jsm, line 555: TypeError: xhr.response.location is undefined
1592926381154	Marionette	INFO	Stopped listening on port 58565

###!!! [Child][RunMessage] Error: Channel closing: too late to send/recv, messages will be lost


###!!! [Child][MessageChannel::SendAndWait] Error: Channel error: cannot send/recv

/modules/XULStore.jsm, line 66: Error: Can't find profile directory.
1592926351343	Marionette	INFO	Listening on port 58892
console.warn: services.settings: main/messaging-experiments sync interrupted by shutdown
1592926351950	Marionette	WARN	TLS certificate errors will be ignored for this session
1592926353072	Marionette	INFO	Stopped listening on port 58892

###!!! [Child][RunMessage] Error: Channel closing: too late to send/recv, messages will be lost


###!!! [Child][MessageChannel::SendAndWait] Error: Channel error: cannot send/recv

1592926363773	mozrunner::runner	INFO	Running command: "C:\\Program Files\\Mozilla Firefox\\firefox.exe" "-marionette" "-foreground" "-no-remote" "-profile" "C:\\Users\\rohit\\AppData\\Local\\Temp\\rust_mozprofile7YxW75"
JavaScript error: resource://gre/modules/XULStore.jsm, line 66: Error: Can't find profile directory.
1592926370602	Marionette	INFO	Listening on port 59018
1592926371106	Marionette	WARN	TLS certificate errors will be ignored for this session
JavaScript error: resource://gre/modules/NetworkGeolocationProvider.jsm, line 555: TypeError: xhr.response.location is undefined
1592926592493	Marionette	INFO	Stopped listening on port 59018

###!!! [Child][RunMessage] Error: Channel closing: too late to send/recv, messages will be lost


###!!! [Child][MessageChannel::SendAndWait] Error: Channel error: cannot send/recv

/modules/XULStore.jsm, line 66: Error: Can't find profile directory.
1592926465840	Marionette	INFO	Listening on port 59428
1592926465926	Marionette	WARN	TLS certificate errors will be ignored for this session
JavaScript error: resource://gre/modules/NetworkGeolocationProvider.jsm, line 555: TypeError: xhr.response.location is undefined
1592926492241	Marionette	INFO	Stopped listening on port 59428

###!!! [Child][RunMessage] Error: Channel closing: too late to send/recv, messages will be lost


###!!! [Child][MessageChannel::SendAndWait] Error: Channel error: cannot send/recv

1592926518435	mozrunner::runner	INFO	Running command: "C:\\Program Files\\Mozilla Firefox\\firefox.exe" "-marionette" "-foreground" "-no-remote" "-profile" "C:\\Users\\rohit\\AppData\\Local\\Temp\\rust_mozprofileihBKQw"
JavaScript error: resource://gre/modules/XULStore.jsm, line 66: Error: Can't find profile directory.
1592926522497	Marionette	INFO	Listening on port 59718
1592926522576	Marionette	WARN	TLS certificate errors will be ignored for this session
JavaScript error: resource://gre/modules/NetworkGeolocationProvider.jsm, line 555: TypeError: xhr.response.location is undefined
JavaScript error: resource://gre/modules/NetworkGeolocationProvider.jsm, line 555: TypeError: xhr.response.location is undefined
1592926589936	Marionette	INFO	Stopped listening on port 59718

###!!! [Child][RunMessage] Error: Channel closing: too late to send/recv, messages will be lost


###!!! [Child][MessageChannel::SendAndWait] Error: Channel error: cannot send/recv

1592926623247	mozrunner::runner	INFO	Running command: "C:\\Program Files\\Mozilla Firefox\\firefox.exe" "-marionette" "-foreground" "-no-remote" "-profile" "C:\\Users\\rohit\\AppData\\Local\\Temp\\rust_mozprofilecB1uQy"
JavaScript error: resource://gre/modules/XULStore.jsm, line 66: Error: Can't find profile directory.
1592926627011	Marionette	INFO	Listening on port 60102
1592926627367	Marionette	WARN	TLS certificate errors will be ignored for this session
JavaScript error: resource://gre/modules/NetworkGeolocationProvider.jsm, line 555: TypeError: xhr.response.location is undefined
1592926769773	Marionette	INFO	Stopped listening on port 60102

###!!! [Child][RunMessage] Error: Channel closing: too late to send/recv, messages will be lost


###!!! [Child][MessageChannel::SendAndWait] Error: Channel error: cannot send/recv

/modules/XULStore.jsm, line 66: Error: Can't find profile directory.
[Parent 31520, Gecko_IOThread] WARNING: file /builds/worker/checkouts/gecko/ipc/chromium/src/base/process_util_win.cc, line 166
1592926719662	Marionette	INFO	Listening on port 60408
1592926720124	Marionette	WARN	TLS certificate errors will be ignored for this session
JavaScript error: resource://gre/modules/NetworkGeolocationProvider.jsm, line 555: TypeError: xhr.response.location is undefined
1592926766917	Marionette	INFO	Stopped listening on port 60408

###!!! [Child][RunMessage] Error: Channel closing: too late to send/recv, messages will be lost


###!!! [Child][MessageChannel::SendAndWait] Error: Channel error: cannot send/recv

1592926786282	mozrunner::runner	INFO	Running command: "C:\\Program Files\\Mozilla Firefox\\firefox.exe" "-marionette" "-foreground" "-no-remote" "-profile" "C:\\Users\\rohit\\AppData\\Local\\Temp\\rust_mozprofile6zR9P6"
JavaScript error: resource://gre/modules/XULStore.jsm, line 66: Error: Can't find profile directory.
1592926791053	Marionette	INFO	Listening on port 60682
1592926791528	Marionette	WARN	TLS certificate errors will be ignored for this session
JavaScript error: resource://gre/modules/NetworkGeolocationProvider.jsm, line 555: TypeError: xhr.response.location is undefined
1592927454433	Marionette	INFO	Stopped listening on port 60682

###!!! [Child][RunMessage] Error: Channel closing: too late to send/recv, messages will be lost


###!!! [Child][MessageChannel::SendAndWait] Error: Channel error: cannot send/recv

/modules/XULStore.jsm, line 66: Error: Can't find profile directory.
1592926981898	Marionette	INFO	Listening on port 61333
1592926982140	Marionette	WARN	TLS certificate errors will be ignored for this session
JavaScript error: resource://gre/modules/NetworkGeolocationProvider.jsm, line 555: TypeError: xhr.response.location is undefined
JavaScript error: https://aressbusiness--aressbusb.my.salesforce.com/jslibrary/LoginHint208.js, line 23: ReferenceError: loader is not defined
1592927453052	Marionette	INFO	Stopped listening on port 61333

###!!! [Child][RunMessage] Error: Channel closing: too late to send/recv, messages will be lost


###!!! [Child][MessageChannel::SendAndWait] Error: Channel error: cannot send/recv

/modules/XULStore.jsm, line 66: Error: Can't find profile directory.
1592927164880	Marionette	INFO	Listening on port 61952
1592927165332	Marionette	WARN	TLS certificate errors will be ignored for this session
1592927450341	Marionette	INFO	Stopped listening on port 61952

###!!! [Child][RunMessage] Error: Channel closing: too late to send/recv, messages will be lost


###!!! [Child][MessageChannel::SendAndWait] Error: Channel error: cannot send/recv

/modules/XULStore.jsm, line 66: Error: Can't find profile directory.
1592927387607	Marionette	INFO	Listening on port 51247
1592927387721	Marionette	WARN	TLS certificate errors will be ignored for this session
JavaScript error: resource://gre/modules/NetworkGeolocationProvider.jsm, line 555: TypeError: xhr.response.location is undefined
1592927448673	Marionette	INFO	Stopped listening on port 51247

###!!! [Child][RunMessage] Error: Channel closing: too late to send/recv, messages will be lost


###!!! [Child][MessageChannel::SendAndWait] Error: Channel error: cannot send/recv

1592927583125	mozrunner::runner	INFO	Running command: "C:\\Program Files\\Mozilla Firefox\\firefox.exe" "-marionette" "-foreground" "-no-remote" "-profile" "C:\\Users\\rohit\\AppData\\Local\\Temp\\rust_mozprofileRpIa0W"
JavaScript error: resource://gre/modules/XULStore.jsm, line 66: Error: Can't find profile directory.
1592927587518	Marionette	INFO	Listening on port 58826
1592927587866	Marionette	WARN	TLS certificate errors will be ignored for this session
JavaScript error: resource://gre/modules/NetworkGeolocationProvider.jsm, line 555: TypeError: xhr.response.location is undefined
JavaScript error: resource://gre/modules/NetworkGeolocationProvider.jsm, line 555: TypeError: xhr.response.location is undefined
1592927840006	Marionette	INFO	Stopped listening on port 58826

###!!! [Child][RunMessage] Error: Channel closing: too late to send/recv, messages will be lost


###!!! [Child][MessageChannel::SendAndWait] Error: Channel error: cannot send/recv

/modules/XULStore.jsm, line 66: Error: Can't find profile directory.
1592927723197	Marionette	INFO	Listening on port 59371
1592927723527	Marionette	WARN	TLS certificate errors will be ignored for this session
JavaScript error: resource://gre/modules/NetworkGeolocationProvider.jsm, line 555: TypeError: xhr.response.location is undefined
1592927840705	Marionette	INFO	Stopped listening on port 59371

###!!! [Child][RunMessage] Error: Channel closing: too late to send/recv, messages will be lost


###!!! [Child][MessageChannel::SendAndWait] Error: Channel error: cannot send/recv

/modules/XULStore.jsm, line 66: Error: Can't find profile directory.
1592927776564	Marionette	INFO	Listening on port 59621
1592927776763	Marionette	WARN	TLS certificate errors will be ignored for this session
JavaScript error: resource://gre/modules/NetworkGeolocationProvider.jsm, line 555: TypeError: xhr.response.location is undefined
1592927844501	Marionette	INFO	Stopped listening on port 59621

###!!! [Child][RunMessage] Error: Channel closing: too late to send/recv, messages will be lost


###!!! [Child][MessageChannel::SendAndWait] Error: Channel error: cannot send/recv

/modules/XULStore.jsm, line 66: Error: Can't find profile directory.
1592927843516	Marionette	INFO	Listening on port 59910
1592927843990	Marionette	WARN	TLS certificate errors will be ignored for this session
JavaScript error: resource://gre/modules/NetworkGeolocationProvider.jsm, line 555: TypeError: xhr.response.location is undefined
JavaScript error: resource://gre/modules/NetworkGeolocationProvider.jsm, line 555: TypeError: xhr.response.location is undefined
1592928139438	Marionette	INFO	Stopped listening on port 59910

###!!! [Child][RunMessage] Error: Channel closing: too late to send/recv, messages will be lost


###!!! [Child][MessageChannel::SendAndWait] Error: Channel error: cannot send/recv

/modules/XULStore.jsm, line 66: Error: Can't find profile directory.
1592928055477	Marionette	INFO	Listening on port 60646
1592928055663	Marionette	WARN	TLS certificate errors will be ignored for this session
JavaScript error: resource://gre/modules/NetworkGeolocationProvider.jsm, line 555: TypeError: xhr.response.location is undefined
1592928136683	Marionette	INFO	Stopped listening on port 60646

###!!! [Child][RunMessage] Error: Channel closing: too late to send/recv, messages will be lost


###!!! [Child][MessageChannel::SendAndWait] Error: Channel error: cannot send/recv

1592933986778	mozrunner::runner	INFO	Running command: "C:\\Program Files\\Mozilla Firefox\\firefox.exe" "-marionette" "-foreground" "-no-remote" "-profile" "C:\\Users\\rohit\\AppData\\Local\\Temp\\rust_mozprofilenqpIkj"
JavaScript error: resource://gre/modules/XULStore.jsm, line 66: Error: Can't find profile directory.
1592934001279	Marionette	INFO	Listening on port 56569
1592934001669	Marionette	WARN	TLS certificate errors will be ignored for this session
JavaScript error: resource://gre/modules/NetworkGeolocationProvider.jsm, line 555: TypeError: xhr.response.location is undefined
1592935197640	Marionette	INFO	Stopped listening on port 56569

###!!! [Child][RunMessage] Error: Channel closing: too late to send/recv, messages will be lost


###!!! [Child][MessageChannel::SendAndWait] Error: Channel error: cannot send/recv

/modules/XULStore.jsm, line 66: Error: Can't find profile directory.
1592934171507	Marionette	INFO	Listening on port 56508
1592934171618	Marionette	WARN	TLS certificate errors will be ignored for this session
1592935196999	Marionette	INFO	Stopped listening on port 56508

###!!! [Child][RunMessage] Error: Channel closing: too late to send/recv, messages will be lost


###!!! [Child][MessageChannel::SendAndWait] Error: Channel error: cannot send/recv

/modules/XULStore.jsm, line 66: Error: Can't find profile directory.
1592934889175	Marionette	INFO	Listening on port 59414
1592934889632	Marionette	WARN	TLS certificate errors will be ignored for this session
JavaScript error: resource://gre/modules/NetworkGeolocationProvider.jsm, line 555: TypeError: xhr.response.location is undefined
1592935193753	Marionette	INFO	Stopped listening on port 59414

###!!! [Child][MessageChannel::SendAndWait] Error: Channel error: cannot send/recv

ile" "C:\\Users\\rohit\\AppData\\Local\\Temp\\rust_mozprofile9LKICi"
JavaScript error: resource://gre/modules/XULStore.jsm, line 66: Error: Can't find profile directory.
1592935057601	Marionette	INFO	Listening on port 56206
1592935058117	Marionette	WARN	TLS certificate errors will be ignored for this session
JavaScript error: resource://gre/modules/NetworkGeolocationProvider.jsm, line 555: TypeError: xhr.response.location is undefined
JavaScript error: https://c1.sfdcstatic.com/etc/clientlibs/sfdc-aem-master/clientlibs_analytics_login_bottom.min.8c20a374991a50ca1a18d7bc072f964f.js, line 33: TypeError: vp.getProperty is not a function
JavaScript error: https://c.salesforce.com/login-messages/promos.html, line 42: TypeError: SfdcWwwBase is undefined
1592935077959	Marionette	INFO	Stopped listening on port 56206

###!!! [Child][RunMessage] Error: Channel closing: too late to send/recv, messages will be lost


###!!! [Child][MessageChannel::SendAndWait] Error: Channel error: cannot send/recv

1592935095032	mozrunner::runner	INFO	Running command: "C:\\Program Files\\Mozilla Firefox\\firefox.exe" "-marionette" "-foreground" "-no-remote" "-profile" "C:\\Users\\rohit\\AppData\\Local\\Temp\\rust_mozprofileyQu3vP"
JavaScript error: resource://gre/modules/XULStore.jsm, line 66: Error: Can't find profile directory.
1592935104601	Marionette	INFO	Listening on port 56474
1592935105007	Marionette	WARN	TLS certificate errors will be ignored for this session
JavaScript error: resource://gre/modules/NetworkGeolocationProvider.jsm, line 555: TypeError: xhr.response.location is undefined
1592935192470	Marionette	INFO	Stopped listening on port 56474

###!!! [Child][MessageChannel::SendAndWait] Error: Channel error: cannot send/recv

ile" "C:\\Users\\rohit\\AppData\\Local\\Temp\\rust_mozprofilermy2ST"
JavaScript error: resource://gre/modules/XULStore.jsm, line 66: Error: Can't find profile directory.
1592935180263	Marionette	INFO	Listening on port 56882
1592935181035	Marionette	WARN	TLS certificate errors will be ignored for this session
JavaScript error: https://c1.sfdcstatic.com/etc.clientlibs/clientlibs/granite/utils.min.a53a609d64abb59ba4017351854c46d0.js, line 120: ReferenceError: jQuery is not defined
JavaScript error: https://c1.sfdcstatic.com/etc.clientlibs/clientlibs/granite/jquery/granite.min.e67470fde615e2d442e08aad300a8905.js, line 17: ReferenceError: jQuery is not defined
JavaScript error: https://c1.sfdcstatic.com/etc.clientlibs/foundation/clientlibs/jquery.min.dd9b395c741ce2784096e26619e14910.js, line 1: ReferenceError: _g is not defined
1592935191502	Marionette	INFO	Stopped listening on port 56882

###!!! [Child][RunMessage] Error: Channel closing: too late to send/recv, messages will be lost


###!!! [Child][MessageChannel::SendAndWait] Error: Channel error: cannot send/recv

1592935253937	mozrunner::runner	INFO	Running command: "C:\\Program Files\\Mozilla Firefox\\firefox.exe" "-marionette" "-foreground" "-no-remote" "-profile" "C:\\Users\\rohit\\AppData\\Local\\Temp\\rust_mozprofileqc8mka"
JavaScript error: resource://gre/modules/XULStore.jsm, line 66: Error: Can't find profile directory.
1592935263550	Marionette	INFO	Listening on port 57211
1592935264588	Marionette	WARN	TLS certificate errors will be ignored for this session
JavaScript error: resource://gre/modules/NetworkGeolocationProvider.jsm, line 555: TypeError: xhr.response.location is undefined
JavaScript error: resource://gre/modules/NetworkGeolocationProvider.jsm, line 555: TypeError: xhr.response.location is undefined
JavaScript error: resource://gre/modules/NetworkGeolocationProvider.jsm, line 555: TypeError: xhr.response.location is undefined
1592935593507	Marionette	INFO	Stopped listening on port 57211

###!!! [Child][RunMessage] Error: Channel closing: too late to send/recv, messages will be lost


###!!! [Child][MessageChannel::SendAndWait] Error: Channel error: cannot send/recv

/modules/XULStore.jsm, line 66: Error: Can't find profile directory.
1592935401745	Marionette	INFO	Listening on port 59660
1592935401954	Marionette	WARN	TLS certificate errors will be ignored for this session
JavaScript error: resource://gre/modules/NetworkGeolocationProvider.jsm, line 555: TypeError: xhr.response.location is undefined
1592935591743	Marionette	INFO	Stopped listening on port 59660

###!!! [Child][RunMessage] Error: Channel closing: too late to send/recv, messages will be lost


###!!! [Child][MessageChannel::SendAndWait] Error: Channel error: cannot send/recv

/modules/XULStore.jsm, line 66: Error: Can't find profile directory.
1592935578053	Marionette	INFO	Listening on port 60266
1592935578190	Marionette	WARN	TLS certificate errors will be ignored for this session
1592935593364	Marionette	INFO	Stopped listening on port 60266

###!!! [Child][MessageChannel::SendAndWait] Error: Channel error: cannot send/recv

1592936014654	mozrunner::runner	INFO	Running command: "C:\\Program Files\\Mozilla Firefox\\firefox.exe" "-marionette" "-foreground" "-no-remote" "-profile" "C:\\Users\\rohit\\AppData\\Local\\Temp\\rust_mozprofile7ujRpi"
JavaScript error: resource://gre/modules/XULStore.jsm, line 66: Error: Can't find profile directory.
1592936020895	Marionette	INFO	Listening on port 61579
1592936020948	Marionette	WARN	TLS certificate errors will be ignored for this session
1592936799506	Marionette	INFO	Stopped listening on port 61579

###!!! [Child][RunMessage] Error: Channel closing: too late to send/recv, messages will be lost


###!!! [Child][MessageChannel::SendAndWait] Error: Channel error: cannot send/recv

/modules/XULStore.jsm, line 66: Error: Can't find profile directory.
1592936097063	Marionette	INFO	Listening on port 55638
1592936097863	Marionette	WARN	TLS certificate errors will be ignored for this session
1592936113155	Marionette	INFO	Stopped listening on port 55638

###!!! [Child][RunMessage] Error: Channel closing: too late to send/recv, messages will be lost


###!!! [Child][MessageChannel::SendAndWait] Error: Channel error: cannot send/recv

1592936249986	mozrunner::runner	INFO	Running command: "C:\\Program Files\\Mozilla Firefox\\firefox.exe" "-marionette" "-foreground" "-no-remote" "-profile" "C:\\Users\\rohit\\AppData\\Local\\Temp\\rust_mozprofileHKv8Gs"
JavaScript error: resource://gre/modules/XULStore.jsm, line 66: Error: Can't find profile directory.
1592936255954	Marionette	INFO	Listening on port 56113
1592936256239	Marionette	WARN	TLS certificate errors will be ignored for this session
1592936277418	Marionette	INFO	Stopped listening on port 56113

###!!! [Child][RunMessage] Error: Channel closing: too late to send/recv, messages will be lost


###!!! [Child][MessageChannel::SendAndWait] Error: Channel error: cannot send/recv

1592936703078	mozrunner::runner	INFO	Running command: "C:\\Program Files\\Mozilla Firefox\\firefox.exe" "-marionette" "-foreground" "-no-remote" "-profile" "C:\\Users\\rohit\\AppData\\Local\\Temp\\rust_mozprofilefO5kbj"
JavaScript error: resource://gre/modules/XULStore.jsm, line 66: Error: Can't find profile directory.
1592936707195	Marionette	INFO	Listening on port 49368
1592936707293	Marionette	WARN	TLS certificate errors will be ignored for this session
1592936726695	Marionette	INFO	Stopped listening on port 49368

###!!! [Child][RunMessage] Error: Channel closing: too late to send/recv, messages will be lost


###!!! [Child][MessageChannel::SendAndWait] Error: Channel error: cannot send/recv

1592971425832	mozrunner::runner	INFO	Running command: "C:\\Program Files\\Mozilla Firefox\\firefox.exe" "-marionette" "-foreground" "-no-remote" "-profile" "C:\\Users\\rohit\\AppData\\Local\\Temp\\rust_mozprofileE0Zc1o"
JavaScript error: resource://gre/modules/XULStore.jsm, line 66: Error: Can't find profile directory.
1592971439806	Marionette	INFO	Listening on port 55718
1592971440094	Marionette	WARN	TLS certificate errors will be ignored for this session
JavaScript error: https://c1.sfdcstatic.com/etc.clientlibs/clientlibs/granite/jquery/granite.min.e67470fde615e2d442e08aad300a8905.js, line 17: ReferenceError: jQuery is not defined
JavaScript error: https://c1.sfdcstatic.com/etc.clientlibs/foundation/clientlibs/jquery.min.dd9b395c741ce2784096e26619e14910.js, line 1: ReferenceError: _g is not defined
JavaScript error: https://c1.sfdcstatic.com/etc/clientlibs/sfdc-aem-master/clientlibs_analytics_login_top.min.61369b1fed207b460bd08d0759866db7.js, line 64: ReferenceError: jQuery is not defined
JavaScript error: https://c1.sfdcstatic.com/etc/clientlibs/sfdc-aem-master/clientlibs_analytics_login_bottom.min.8c20a374991a50ca1a18d7bc072f964f.js, line 33: TypeError: vp.getProperty is not a function
JavaScript error: https://c.salesforce.com/login-messages/promos.html, line 43: TypeError: SfdcWwwBase.gdpr.init is not a function
1592971544822	Marionette	INFO	Stopped listening on port 55718

###!!! [Child][RunMessage] Error: Channel closing: too late to send/recv, messages will be lost


###!!! [Child][MessageChannel::SendAndWait] Error: Channel error: cannot send/recv

1592971550844	mozrunner::runner	INFO	Running command: "C:\\Program Files\\Mozilla Firefox\\firefox.exe" "-marionette" "-foreground" "-no-remote" "-profile" "C:\\Users\\rohit\\AppData\\Local\\Temp\\rust_mozprofileq2JGzL"
JavaScript error: resource://gre/modules/XULStore.jsm, line 66: Error: Can't find profile directory.
1592971556169	Marionette	INFO	Listening on port 56133
1592971556582	Marionette	WARN	TLS certificate errors will be ignored for this session
[Child 19864, Chrome_ChildThread] WARNING: pipe error: 232: file /builds/worker/checkouts/gecko/ipc/chromium/src/chrome/common/ipc_channel_win.cc, line 522
1592971756082	Marionette	INFO	Stopped listening on port 56133

###!!! [Child][RunMessage] Error: Channel closing: too late to send/recv, messages will be lost


###!!! [Child][MessageChannel::SendAndWait] Error: Channel error: cannot send/recv

1592977861090	mozrunner::runner	INFO	Running command: "C:\\Program Files\\Mozilla Firefox\\firefox.exe" "-marionette" "-foreground" "-no-remote" "-profile" "C:\\Users\\rohit\\AppData\\Local\\Temp\\rust_mozprofileEOe72V"
JavaScript error: resource://gre/modules/XULStore.jsm, line 66: Error: Can't find profile directory.
1592977871388	Marionette	INFO	Listening on port 55243
1592977871741	Marionette	WARN	TLS certificate errors will be ignored for this session
1592978114227	Marionette	INFO	Stopped listening on port 55243

###!!! [Child][RunMessage] Error: Channel closing: too late to send/recv, messages will be lost


###!!! [Child][MessageChannel::SendAndWait] Error: Channel error: cannot send/recv

1592989539892	mozrunner::runner	INFO	Running command: "C:\\Program Files\\Mozilla Firefox\\firefox.exe" "-marionette" "-foreground" "-no-remote" "-profile" "C:\\Users\\rohit\\AppData\\Local\\Temp\\rust_mozprofilewIQ6RL"
JavaScript error: resource://gre/modules/XULStore.jsm, line 66: Error: Can't find profile directory.
1592989549348	Marionette	INFO	Listening on port 60818
1592989549839	Marionette	WARN	TLS certificate errors will be ignored for this session
1592991027835	Marionette	INFO	Stopped listening on port 60818

###!!! [Child][RunMessage] Error: Channel closing: too late to send/recv, messages will be lost


###!!! [Child][MessageChannel::SendAndWait] Error: Channel error: cannot send/recv

/modules/XULStore.jsm, line 66: Error: Can't find profile directory.
1592989609082	Marionette	INFO	Listening on port 62424
1592989609538	Marionette	WARN	TLS certificate errors will be ignored for this session

###!!! [Child][RunMessage] Error: Channel closing: too late to send/recv, messages will be lost


###!!! [Child][RunMessage] Error: Channel closing: too late to send/recv, messages will be lost


###!!! [Child][RunMessage] Error: Channel closing: too late to send/recv, messages will be lost

1592991025627	Marionette	INFO	Stopped listening on port 62424

###!!! [Child][MessageChannel::SendAndWait] Error: Channel error: cannot send/recv

1593069860990	mozrunner::runner	INFO	Running command: "C:\\Program Files\\Mozilla Firefox\\firefox.exe" "-marionette" "-foreground" "-no-remote" "-profile" "C:\\Users\\rohit\\AppData\\Local\\Temp\\rust_mozprofileVNOOK4"
JavaScript error: resource://gre/modules/XULStore.jsm, line 66: Error: Can't find profile directory.
1593069875210	Marionette	INFO	Listening on port 52818
1593069875650	Marionette	WARN	TLS certificate errors will be ignored for this session
[Child 9788, Chrome_ChildThread] WARNING: pipe error: 232: file /builds/worker/checkouts/gecko/ipc/chromium/src/chrome/common/ipc_channel_win.cc, line 522
1593071230311	Marionette	INFO	Stopped listening on port 52818

###!!! [Child][RunMessage] Error: Channel closing: too late to send/recv, messages will be lost


###!!! [Child][MessageChannel::SendAndWait] Error: Channel error: cannot send/recv

LS certificate errors will be ignored for this session
1593071304359	Marionette	INFO	Stopped listening on port 51599

###!!! [Child][RunMessage] Error: Channel closing: too late to send/recv, messages will be lost


###!!! [Child][MessageChannel::SendAndWait] Error: Channel error: cannot send/recv

/modules/XULStore.jsm, line 66: Error: Can't find profile directory.
1593071305160	Marionette	INFO	Listening on port 64604
1593071305595	Marionette	WARN	TLS certificate errors will be ignored for this session

###!!! [Parent][RunMessage] Error: Channel closing: too late to send/recv, messages will be lost


###!!! [Parent][RunMessage] Error: Channel closing: too late to send/recv, messages will be lost

1593082064153	Marionette	INFO	Stopped listening on port 64604

###!!! [Child][MessageChannel::SendAndWait] Error: Channel error: cannot send/recv

ile" "C:\\Users\\rohit\\AppData\\Local\\Temp\\rust_mozprofilej2p6Kt"
JavaScript error: resource://gre/modules/XULStore.jsm, line 66: Error: Can't find profile directory.
1593080138641	Marionette	INFO	Listening on port 52713
1593080138834	Marionette	WARN	TLS certificate errors will be ignored for this session
[Child 5728, Chrome_ChildThread] WARNING: pipe error: 232: file /builds/worker/checkouts/gecko/ipc/chromium/src/chrome/common/ipc_channel_win.cc, line 522
1593082062965	Marionette	INFO	Stopped listening on port 52713

###!!! [Child][RunMessage] Error: Channel closing: too late to send/recv, messages will be lost


###!!! [Child][MessageChannel::SendAndWait] Error: Channel error: cannot send/recv

LS certificate errors will be ignored for this session
1593082062350	Marionette	INFO	Stopped listening on port 54480

###!!! [Child][RunMessage] Error: Channel closing: too late to send/recv, messages will be lost


###!!! [Child][MessageChannel::SendAndWait] Error: Channel error: cannot send/recv

